<?xml version="1.0" encoding="UTF-8"?>
<!-- Generated by org.testng.reporters.JUnitXMLReporter -->
<testsuite hostname="DESKTOP-BQV2URB" ignored="0" name="Ietestcases" tests="1" failures="1" timestamp="2020-05-20T19:58:17 IST" time="0.005" errors="0">
  <testcase name="verifyfileupload" time="0.001" classname="crossBrowsers.fileupload">
    <failure type="java.lang.NullPointerException">
      <![CDATA[java.lang.NullPointerException
at crossBrowsers.fileupload.verifyfileupload(fileupload.java:41)
at java.util.ArrayList.forEach(ArrayList.java:1257)
... Removed 27 stack frames]]>
    </failure>
  </testcase> <!-- verifyfileupload -->
</testsuite> <!-- Ietestcases -->
