<?xml version="1.0" encoding="UTF-8"?>
<testng-results skipped="0" failed="0" ignored="0" total="1" passed="1">
  <reporter-output>
  </reporter-output>
  <suite name="Default suite" duration-ms="34339" started-at="2020-06-01T17:30:59 IST" finished-at="2020-06-01T17:31:34 IST">
    <groups>
    </groups>
    <test name="Default test" duration-ms="34339" started-at="2020-06-01T17:30:59 IST" finished-at="2020-06-01T17:31:34 IST">
      <class name="crossBrowsers.Testinvocation">
        <test-method status="PASS" signature="executetest()[pri:0, instance:crossBrowsers.Testinvocation@2b2948e2]" name="executetest" duration-ms="34301" started-at="2020-06-01T17:30:59 IST" finished-at="2020-06-01T17:31:34 IST">
          <reporter-output>
          </reporter-output>
        </test-method> <!-- executetest -->
      </class> <!-- crossBrowsers.Testinvocation -->
    </test> <!-- Default test -->
  </suite> <!-- Default suite -->
</testng-results>
